<?xml version="1.0" encoding="UTF-8"?>
<testsuites name="jest tests" tests="1" failures="0" errors="0" time="0.717">
  <testsuite name="Teste app" errors="0" failures="0" skipped="0" timestamp="2021-11-05T01:11:51" time="0.442" tests="1">
    <testcase classname="Teste app it should ok" name="Teste app it should ok" time="0.003">
    </testcase>
  </testsuite>
</testsuites>