<?xml version="1.0" encoding="UTF-8"?>
<testsuites name="jest tests" tests="1" failures="1" errors="0" time="0.972">
  <testsuite name="Teste app" errors="0" failures="1" skipped="0" timestamp="2021-08-26T19:04:57" time="0.295" tests="1">
    <testcase classname="Teste app it should ok" name="Teste app it should ok" time="0.005">
      <failure>Error: expect(received).toBe(expected) // Object.is equality

Expected: &quot;with error&quot;
Received: &quot;ok&quot;
    at Object.&lt;anonymous&gt; (/Users/fernandonascimento/monorepo/testem1/test/app.test.js:3:20)
    at Promise.then.completed (/Users/fernandonascimento/monorepo/testem1/node_modules/jest-circus/build/utils.js:390:28)
    at new Promise (&lt;anonymous&gt;)
    at callAsyncCircusFn (/Users/fernandonascimento/monorepo/testem1/node_modules/jest-circus/build/utils.js:315:10)
    at _callCircusTest (/Users/fernandonascimento/monorepo/testem1/node_modules/jest-circus/build/run.js:218:40)
    at processTicksAndRejections (internal/process/task_queues.js:95:5)
    at _runTest (/Users/fernandonascimento/monorepo/testem1/node_modules/jest-circus/build/run.js:155:3)
    at _runTestsForDescribeBlock (/Users/fernandonascimento/monorepo/testem1/node_modules/jest-circus/build/run.js:66:9)
    at _runTestsForDescribeBlock (/Users/fernandonascimento/monorepo/testem1/node_modules/jest-circus/build/run.js:60:9)
    at run (/Users/fernandonascimento/monorepo/testem1/node_modules/jest-circus/build/run.js:25:3)</failure>
    </testcase>
  </testsuite>
</testsuites>